0 info it worked if it ends with ok
1 verbose cli [ 'C:\\Program Files\\nodejs\\node.exe',
1 verbose cli   'C:\\Users\\Roberto\\AppData\\Roaming\\npm\\node_modules\\npm\\bin\\npm-cli.js',
1 verbose cli   'start' ]
2 info using npm@4.0.1
3 info using node@v6.9.1
4 verbose run-script [ 'prestart', 'start', 'poststart' ]
5 info lifecycle roboine-shop@1.0.0~prestart: roboine-shop@1.0.0
6 silly lifecycle roboine-shop@1.0.0~prestart: no script for prestart, continuing
7 info lifecycle roboine-shop@1.0.0~start: roboine-shop@1.0.0
8 verbose lifecycle roboine-shop@1.0.0~start: unsafe-perm in lifecycle true
9 verbose lifecycle roboine-shop@1.0.0~start: PATH: C:\Users\Roberto\AppData\Roaming\npm\node_modules\npm\bin\node-gyp-bin;C:\Users\Roberto\roboine-shop\node_modules\.bin;C:\oraclexe\app\oracle\product\10.2.0\server\bin;C:\ProgramData\Oracle\Java\javapath;C:\Program Files (x86)\Intel\iCLS Client\;C:\Program Files\Intel\iCLS Client\;C:\Windows\system32;C:\Windows;C:\Windows\System32\Wbem;C:\Windows\System32\WindowsPowerShell\v1.0\;C:\Program Files\Intel\Intel(R) Management Engine Components\DAL;C:\Program Files\Intel\Intel(R) Management Engine Components\IPT;C:\Program Files (x86)\Intel\Intel(R) Management Engine Components\DAL;C:\Program Files (x86)\Intel\Intel(R) Management Engine Components\IPT;C:\Program Files\Intel\WiFi\bin\;C:\Program Files\Common Files\Intel\WirelessCommon\;C:\Program Files (x86)\Skype\Phone\;C:\Program Files (x86)\NVIDIA Corporation\PhysX\Common;C:\Program Files\Microsoft\Web Platform Installer\;C:\Program Files (x86)\Microsoft ASP.NET\ASP.NET Web Pages\v1.0\;C:\Program Files (x86)\Windows Kits\8.0\Windows Performance Toolkit\;C:\Program Files\Microsoft SQL Server\110\Tools\Binn\;C:\Users\Roberto\.dnx\bin;C:\Program Files\Microsoft DNX\Dnvm\;C:\Program Files\nodejs\;C:\Users\Roberto\AppData\Roaming\npm
10 verbose lifecycle roboine-shop@1.0.0~start: CWD: C:\Users\Roberto\roboine-shop
11 silly lifecycle roboine-shop@1.0.0~start: Args: [ '/d /s /c', 'concurrent "npm run tsc:w" "npm run lite" ' ]
12 silly lifecycle roboine-shop@1.0.0~start: Returned: code: 3221225786  signal: null
13 info lifecycle roboine-shop@1.0.0~start: Failed to exec start script
14 verbose stack Error: roboine-shop@1.0.0 start: `concurrent "npm run tsc:w" "npm run lite" `
14 verbose stack Exit status 3221225786
14 verbose stack     at EventEmitter.<anonymous> (C:\Users\Roberto\AppData\Roaming\npm\node_modules\npm\lib\utils\lifecycle.js:279:16)
14 verbose stack     at emitTwo (events.js:106:13)
14 verbose stack     at EventEmitter.emit (events.js:191:7)
14 verbose stack     at ChildProcess.<anonymous> (C:\Users\Roberto\AppData\Roaming\npm\node_modules\npm\lib\utils\spawn.js:40:14)
14 verbose stack     at emitTwo (events.js:106:13)
14 verbose stack     at ChildProcess.emit (events.js:191:7)
14 verbose stack     at maybeClose (internal/child_process.js:877:16)
14 verbose stack     at Process.ChildProcess._handle.onexit (internal/child_process.js:226:5)
15 verbose pkgid roboine-shop@1.0.0
16 verbose cwd C:\Users\Roberto\roboine-shop
17 error Windows_NT 6.1.7601
18 error argv "C:\\Program Files\\nodejs\\node.exe" "C:\\Users\\Roberto\\AppData\\Roaming\\npm\\node_modules\\npm\\bin\\npm-cli.js" "start"
19 error node v6.9.1
20 error npm  v4.0.1
21 error code ELIFECYCLE
22 error roboine-shop@1.0.0 start: `concurrent "npm run tsc:w" "npm run lite" `
22 error Exit status 3221225786
23 error Failed at the roboine-shop@1.0.0 start script 'concurrent "npm run tsc:w" "npm run lite" '.
23 error Make sure you have the latest version of node.js and npm installed.
23 error If you do, this is most likely a problem with the roboine-shop package,
23 error not with npm itself.
23 error Tell the author that this fails on your system:
23 error     concurrent "npm run tsc:w" "npm run lite"
23 error You can get information on how to open an issue for this project with:
23 error     npm bugs roboine-shop
23 error Or if that isn't available, you can get their info via:
23 error     npm owner ls roboine-shop
23 error There is likely additional logging output above.
24 verbose exit [ 1, true ]
